10:36:14.187 [34m[main][0;39m INFO  com.console.EmployeeMenu - [34m1.Read data 
2.Display Employee Details
3.Search By Id
4.Search By Pincode of Permanent Address
5.Exit[0;39m 
10:36:34.418 [1;31m[main][0;39m ERROR com.console.EmployeeMenu - [1;31mInput mismatch occurred [0;39m 
10:36:34.418 [34m[main][0;39m INFO  com.console.EmployeeMenu - [34m1.Read data 
2.Display Employee Details
3.Search By Id
4.Search By Pincode of Permanent Address
5.Exit[0;39m 
10:36:39.878 [34m[main][0;39m INFO  com.console.EmployeeMenu - [34mOption 1 is selected[0;39m 
10:37:35.467 [34m[main][0;39m INFO  com.console.EmployeeMenu - [34mNot valid format[0;39m 
10:37:37.657 [34m[main][0;39m INFO  com.console.EmployeeMenu - [34mNot valid format[0;39m 
10:37:39.257 [34m[main][0;39m INFO  com.console.EmployeeMenu - [34mNot valid format[0;39m 
10:37:39.258 [34m[main][0;39m INFO  com.console.EmployeeMenu - [34m1.Read data 
2.Display Employee Details
3.Search By Id
4.Search By Pincode of Permanent Address
5.Exit[0;39m 
12:29:25.567 [34m[main][0;39m INFO  com.console.EmployeeMenu - [34mOption 1 is selected[0;39m 
12:30:24.604 [34m[main][0;39m INFO  com.console.EmployeeMenu - [34m1.Read data 
2.Display Employee Details
3.Search By Id
4.Search By Pincode of Permanent Address
5.Exit[0;39m 
