2024-04-14 11:49:31 [main] INFO  d.c.DlteMyBankProjectDaoApplicationTests - Starting DlteMyBankProjectDaoApplicationTests using Java 1.8.0_292 on WPG02VB9F with PID 20352 (started by xxbhatka in C:\Users\xxbhatka\Videos\DLTE-MYBank-Project-DAO)
2024-04-14 11:49:31 [main] INFO  d.c.DlteMyBankProjectDaoApplicationTests - No active profile set, falling back to 1 default profile: "default"
2024-04-14 11:49:31 [main] INFO  o.s.d.r.c.RepositoryConfigurationDelegate - Bootstrapping Spring Data JDBC repositories in DEFAULT mode.
2024-04-14 11:49:31 [main] INFO  o.s.d.r.c.RepositoryConfigurationDelegate - Finished Spring Data repository scanning in 8 ms. Found 0 JDBC repository interfaces.
2024-04-14 11:49:32 [main] INFO  com.zaxxer.hikari.HikariDataSource - HikariPool-1 - Starting...
2024-04-14 11:49:32 [main] WARN  c.z.hikari.util.DriverDataSource - Registered driver with driverClassName=oracle.jdbc.driver.OracleDriver was not found, trying direct instantiation.
2024-04-14 11:49:32 [main] INFO  com.zaxxer.hikari.pool.PoolBase - HikariPool-1 - Driver does not support get/set network timeout for connections. (oracle.jdbc.driver.T4CConnection.getNetworkTimeout()I)
2024-04-14 11:49:32 [main] INFO  com.zaxxer.hikari.HikariDataSource - HikariPool-1 - Start completed.
2024-04-14 11:49:32 [main] INFO  d.c.DlteMyBankProjectDaoApplicationTests - Started DlteMyBankProjectDaoApplicationTests in 1.671 seconds (JVM running for 3.481)
2024-04-14 11:49:32 [main] ERROR d.c.dao.services.DebitCardService - Account Not found
2024-04-14 11:49:32 [SpringApplicationShutdownHook] INFO  com.zaxxer.hikari.HikariDataSource - HikariPool-1 - Shutdown initiated...
2024-04-14 11:49:32 [SpringApplicationShutdownHook] INFO  com.zaxxer.hikari.HikariDataSource - HikariPool-1 - Shutdown completed.
2024-04-14 12:19:39 [main] INFO  d.c.DlteMyBankProjectDaoApplicationTests - Starting DlteMyBankProjectDaoApplicationTests using Java 1.8.0_292 on WPG02VB9F with PID 8912 (started by xxbhatka in C:\Users\xxbhatka\Videos\DLTE-MYBank-Project-DAO)
2024-04-14 12:19:39 [main] INFO  d.c.DlteMyBankProjectDaoApplicationTests - No active profile set, falling back to 1 default profile: "default"
2024-04-14 12:19:40 [main] INFO  o.s.d.r.c.RepositoryConfigurationDelegate - Bootstrapping Spring Data JDBC repositories in DEFAULT mode.
2024-04-14 12:19:40 [main] INFO  o.s.d.r.c.RepositoryConfigurationDelegate - Finished Spring Data repository scanning in 33 ms. Found 0 JDBC repository interfaces.
2024-04-14 12:19:42 [main] INFO  com.zaxxer.hikari.HikariDataSource - HikariPool-1 - Starting...
2024-04-14 12:19:42 [main] WARN  c.z.hikari.util.DriverDataSource - Registered driver with driverClassName=oracle.jdbc.driver.OracleDriver was not found, trying direct instantiation.
2024-04-14 12:19:43 [main] INFO  com.zaxxer.hikari.pool.PoolBase - HikariPool-1 - Driver does not support get/set network timeout for connections. (oracle.jdbc.driver.T4CConnection.getNetworkTimeout()I)
2024-04-14 12:19:43 [main] INFO  com.zaxxer.hikari.HikariDataSource - HikariPool-1 - Start completed.
2024-04-14 12:19:43 [main] INFO  d.c.DlteMyBankProjectDaoApplicationTests - Started DlteMyBankProjectDaoApplicationTests in 4.72 seconds (JVM running for 7.612)
2024-04-14 12:19:43 [SpringApplicationShutdownHook] INFO  com.zaxxer.hikari.HikariDataSource - HikariPool-1 - Shutdown initiated...
2024-04-14 12:19:44 [SpringApplicationShutdownHook] INFO  com.zaxxer.hikari.HikariDataSource - HikariPool-1 - Shutdown completed.
2024-04-14 12:30:23 [main] INFO  d.c.DlteMyBankProjectDaoApplicationTests - Starting DlteMyBankProjectDaoApplicationTests using Java 1.8.0_292 on WPG02VB9F with PID 5884 (started by xxbhatka in C:\Users\xxbhatka\Videos\DLTE-MYBank-Project-DAO)
2024-04-14 12:30:23 [main] INFO  d.c.DlteMyBankProjectDaoApplicationTests - No active profile set, falling back to 1 default profile: "default"
2024-04-14 12:30:24 [main] INFO  o.s.d.r.c.RepositoryConfigurationDelegate - Bootstrapping Spring Data JDBC repositories in DEFAULT mode.
2024-04-14 12:30:24 [main] INFO  o.s.d.r.c.RepositoryConfigurationDelegate - Finished Spring Data repository scanning in 13 ms. Found 0 JDBC repository interfaces.
2024-04-14 12:30:25 [main] INFO  com.zaxxer.hikari.HikariDataSource - HikariPool-1 - Starting...
2024-04-14 12:30:25 [main] WARN  c.z.hikari.util.DriverDataSource - Registered driver with driverClassName=oracle.jdbc.driver.OracleDriver was not found, trying direct instantiation.
2024-04-14 12:30:25 [main] INFO  com.zaxxer.hikari.pool.PoolBase - HikariPool-1 - Driver does not support get/set network timeout for connections. (oracle.jdbc.driver.T4CConnection.getNetworkTimeout()I)
2024-04-14 12:30:25 [main] INFO  com.zaxxer.hikari.HikariDataSource - HikariPool-1 - Start completed.
2024-04-14 12:30:25 [main] INFO  d.c.DlteMyBankProjectDaoApplicationTests - Started DlteMyBankProjectDaoApplicationTests in 2.325 seconds (JVM running for 4.99)
2024-04-14 12:30:25 [SpringApplicationShutdownHook] INFO  com.zaxxer.hikari.HikariDataSource - HikariPool-1 - Shutdown initiated...
2024-04-14 12:30:25 [SpringApplicationShutdownHook] INFO  com.zaxxer.hikari.HikariDataSource - HikariPool-1 - Shutdown completed.
2024-04-14 15:10:18 [restartedMain] INFO  d.c.DlteMyBankProjectDaoApplication - Starting DlteMyBankProjectDaoApplication using Java 1.8.0_292 on WPG02VB9F with PID 12328 (C:\Users\xxbhatka\Videos\DLTE-MYBank-Project-DAO\target\classes started by xxbhatka in C:\Users\xxbhatka\Videos\DLTE-MYBank-Project-DAO)
2024-04-14 15:10:18 [restartedMain] INFO  d.c.DlteMyBankProjectDaoApplication - No active profile set, falling back to 1 default profile: "default"
2024-04-14 15:10:18 [restartedMain] INFO  o.s.b.d.restart.ChangeableUrls - The Class-Path manifest attribute in C:\Users\xxbhatka\.m2\repository\com\oracle\database\security\oraclepki\21.5.0.0\oraclepki-21.5.0.0.jar referenced one or more files that do not exist: file:/C:/Users/xxbhatka/.m2/repository/com/oracle/database/security/oraclepki/21.5.0.0/osdt_core.jar,file:/C:/Users/xxbhatka/.m2/repository/com/oracle/database/security/oraclepki/21.5.0.0/osdt_cert.jar,file:/C:/Users/xxbhatka/.m2/repository/com/oracle/database/security/oraclepki/oracle.osdt/osdt_core.jar,file:/C:/Users/xxbhatka/.m2/repository/com/oracle/database/security/oraclepki/oracle.osdt/osdt_cert.jar
2024-04-14 15:10:18 [restartedMain] INFO  o.s.b.d.e.DevToolsPropertyDefaultsPostProcessor - Devtools property defaults active! Set 'spring.devtools.add-properties' to 'false' to disable
2024-04-14 15:10:18 [restartedMain] INFO  o.s.d.r.c.RepositoryConfigurationDelegate - Bootstrapping Spring Data JDBC repositories in DEFAULT mode.
2024-04-14 15:10:18 [restartedMain] INFO  o.s.d.r.c.RepositoryConfigurationDelegate - Finished Spring Data repository scanning in 9 ms. Found 0 JDBC repository interfaces.
2024-04-14 15:10:19 [restartedMain] INFO  com.zaxxer.hikari.HikariDataSource - HikariPool-1 - Starting...
2024-04-14 15:10:19 [restartedMain] WARN  c.z.hikari.util.DriverDataSource - Registered driver with driverClassName=oracle.jdbc.driver.OracleDriver was not found, trying direct instantiation.
2024-04-14 15:10:19 [restartedMain] INFO  com.zaxxer.hikari.pool.PoolBase - HikariPool-1 - Driver does not support get/set network timeout for connections. (oracle.jdbc.driver.T4CConnection.getNetworkTimeout()I)
2024-04-14 15:10:19 [restartedMain] INFO  com.zaxxer.hikari.HikariDataSource - HikariPool-1 - Start completed.
2024-04-14 15:10:19 [restartedMain] INFO  o.s.b.d.a.OptionalLiveReloadServer - LiveReload server is running on port 35729
2024-04-14 15:10:19 [restartedMain] INFO  d.c.DlteMyBankProjectDaoApplication - Started DlteMyBankProjectDaoApplication in 1.664 seconds (JVM running for 2.587)
2024-04-14 15:10:19 [restartedMain] INFO  d.c.dao.services.DebitCardService - total debit card retrieved:
2024-04-14 15:10:19 [restartedMain] ERROR d.c.dao.services.DebitCardService - Account Not found
2024-04-14 15:10:19 [SpringApplicationShutdownHook] INFO  com.zaxxer.hikari.HikariDataSource - HikariPool-1 - Shutdown initiated...
2024-04-14 15:10:19 [SpringApplicationShutdownHook] INFO  com.zaxxer.hikari.HikariDataSource - HikariPool-1 - Shutdown completed.
2024-04-14 15:11:05 [restartedMain] INFO  d.c.DlteMyBankProjectDaoApplication - Starting DlteMyBankProjectDaoApplication using Java 1.8.0_292 on WPG02VB9F with PID 10936 (C:\Users\xxbhatka\Videos\DLTE-MYBank-Project-DAO\target\classes started by xxbhatka in C:\Users\xxbhatka\Videos\DLTE-MYBank-Project-DAO)
2024-04-14 15:11:05 [restartedMain] INFO  d.c.DlteMyBankProjectDaoApplication - No active profile set, falling back to 1 default profile: "default"
2024-04-14 15:11:05 [restartedMain] INFO  o.s.b.d.restart.ChangeableUrls - The Class-Path manifest attribute in C:\Users\xxbhatka\.m2\repository\com\oracle\database\security\oraclepki\21.5.0.0\oraclepki-21.5.0.0.jar referenced one or more files that do not exist: file:/C:/Users/xxbhatka/.m2/repository/com/oracle/database/security/oraclepki/21.5.0.0/osdt_core.jar,file:/C:/Users/xxbhatka/.m2/repository/com/oracle/database/security/oraclepki/21.5.0.0/osdt_cert.jar,file:/C:/Users/xxbhatka/.m2/repository/com/oracle/database/security/oraclepki/oracle.osdt/osdt_core.jar,file:/C:/Users/xxbhatka/.m2/repository/com/oracle/database/security/oraclepki/oracle.osdt/osdt_cert.jar
2024-04-14 15:11:05 [restartedMain] INFO  o.s.b.d.e.DevToolsPropertyDefaultsPostProcessor - Devtools property defaults active! Set 'spring.devtools.add-properties' to 'false' to disable
2024-04-14 15:11:05 [restartedMain] INFO  o.s.d.r.c.RepositoryConfigurationDelegate - Bootstrapping Spring Data JDBC repositories in DEFAULT mode.
2024-04-14 15:11:05 [restartedMain] INFO  o.s.d.r.c.RepositoryConfigurationDelegate - Finished Spring Data repository scanning in 7 ms. Found 0 JDBC repository interfaces.
2024-04-14 15:11:06 [restartedMain] INFO  com.zaxxer.hikari.HikariDataSource - HikariPool-1 - Starting...
2024-04-14 15:11:06 [restartedMain] WARN  c.z.hikari.util.DriverDataSource - Registered driver with driverClassName=oracle.jdbc.driver.OracleDriver was not found, trying direct instantiation.
2024-04-14 15:11:06 [restartedMain] INFO  com.zaxxer.hikari.pool.PoolBase - HikariPool-1 - Driver does not support get/set network timeout for connections. (oracle.jdbc.driver.T4CConnection.getNetworkTimeout()I)
2024-04-14 15:11:06 [restartedMain] INFO  com.zaxxer.hikari.HikariDataSource - HikariPool-1 - Start completed.
2024-04-14 15:11:06 [restartedMain] INFO  o.s.b.d.a.OptionalLiveReloadServer - LiveReload server is running on port 35729
2024-04-14 15:11:06 [restartedMain] INFO  d.c.DlteMyBankProjectDaoApplication - Started DlteMyBankProjectDaoApplication in 1.718 seconds (JVM running for 2.694)
2024-04-14 15:11:06 [restartedMain] INFO  d.c.dao.services.DebitCardService - total debit card retrieved:
2024-04-14 15:11:06 [restartedMain] ERROR d.c.dao.services.DebitCardService - Account Not found
2024-04-14 15:11:06 [SpringApplicationShutdownHook] INFO  com.zaxxer.hikari.HikariDataSource - HikariPool-1 - Shutdown initiated...
2024-04-14 15:11:06 [SpringApplicationShutdownHook] INFO  com.zaxxer.hikari.HikariDataSource - HikariPool-1 - Shutdown completed.
2024-04-14 15:11:58 [restartedMain] INFO  d.c.DlteMyBankProjectDaoApplication - Starting DlteMyBankProjectDaoApplication using Java 1.8.0_292 on WPG02VB9F with PID 19040 (C:\Users\xxbhatka\Videos\DLTE-MYBank-Project-DAO\target\classes started by xxbhatka in C:\Users\xxbhatka\Videos\DLTE-MYBank-Project-DAO)
2024-04-14 15:11:58 [restartedMain] INFO  d.c.DlteMyBankProjectDaoApplication - No active profile set, falling back to 1 default profile: "default"
2024-04-14 15:11:58 [restartedMain] INFO  o.s.b.d.restart.ChangeableUrls - The Class-Path manifest attribute in C:\Users\xxbhatka\.m2\repository\com\oracle\database\security\oraclepki\21.5.0.0\oraclepki-21.5.0.0.jar referenced one or more files that do not exist: file:/C:/Users/xxbhatka/.m2/repository/com/oracle/database/security/oraclepki/21.5.0.0/osdt_core.jar,file:/C:/Users/xxbhatka/.m2/repository/com/oracle/database/security/oraclepki/21.5.0.0/osdt_cert.jar,file:/C:/Users/xxbhatka/.m2/repository/com/oracle/database/security/oraclepki/oracle.osdt/osdt_core.jar,file:/C:/Users/xxbhatka/.m2/repository/com/oracle/database/security/oraclepki/oracle.osdt/osdt_cert.jar
2024-04-14 15:11:58 [restartedMain] INFO  o.s.b.d.e.DevToolsPropertyDefaultsPostProcessor - Devtools property defaults active! Set 'spring.devtools.add-properties' to 'false' to disable
2024-04-14 15:11:58 [restartedMain] INFO  o.s.d.r.c.RepositoryConfigurationDelegate - Bootstrapping Spring Data JDBC repositories in DEFAULT mode.
2024-04-14 15:11:58 [restartedMain] INFO  o.s.d.r.c.RepositoryConfigurationDelegate - Finished Spring Data repository scanning in 10 ms. Found 0 JDBC repository interfaces.
2024-04-14 15:11:59 [restartedMain] INFO  com.zaxxer.hikari.HikariDataSource - HikariPool-1 - Starting...
2024-04-14 15:11:59 [restartedMain] WARN  c.z.hikari.util.DriverDataSource - Registered driver with driverClassName=oracle.jdbc.driver.OracleDriver was not found, trying direct instantiation.
2024-04-14 15:11:59 [restartedMain] INFO  com.zaxxer.hikari.pool.PoolBase - HikariPool-1 - Driver does not support get/set network timeout for connections. (oracle.jdbc.driver.T4CConnection.getNetworkTimeout()I)
2024-04-14 15:11:59 [restartedMain] INFO  com.zaxxer.hikari.HikariDataSource - HikariPool-1 - Start completed.
2024-04-14 15:11:59 [restartedMain] INFO  o.s.b.d.a.OptionalLiveReloadServer - LiveReload server is running on port 35729
2024-04-14 15:11:59 [restartedMain] INFO  d.c.DlteMyBankProjectDaoApplication - Started DlteMyBankProjectDaoApplication in 1.717 seconds (JVM running for 2.617)
2024-04-14 15:11:59 [restartedMain] INFO  d.c.dao.services.DebitCardService - total debit card retrieved:
2024-04-14 15:11:59 [restartedMain] ERROR d.c.dao.services.DebitCardService - Account Not found
2024-04-14 15:11:59 [SpringApplicationShutdownHook] INFO  com.zaxxer.hikari.HikariDataSource - HikariPool-1 - Shutdown initiated...
2024-04-14 15:11:59 [SpringApplicationShutdownHook] INFO  com.zaxxer.hikari.HikariDataSource - HikariPool-1 - Shutdown completed.
2024-04-14 15:15:14 [restartedMain] INFO  d.c.DlteMyBankProjectDaoApplication - Starting DlteMyBankProjectDaoApplication using Java 1.8.0_292 on WPG02VB9F with PID 12064 (C:\Users\xxbhatka\Videos\DLTE-MYBank-Project-DAO\target\classes started by xxbhatka in C:\Users\xxbhatka\Videos\DLTE-MYBank-Project-DAO)
2024-04-14 15:15:14 [restartedMain] INFO  d.c.DlteMyBankProjectDaoApplication - No active profile set, falling back to 1 default profile: "default"
2024-04-14 15:15:14 [restartedMain] INFO  o.s.b.d.restart.ChangeableUrls - The Class-Path manifest attribute in C:\Users\xxbhatka\.m2\repository\com\oracle\database\security\oraclepki\21.5.0.0\oraclepki-21.5.0.0.jar referenced one or more files that do not exist: file:/C:/Users/xxbhatka/.m2/repository/com/oracle/database/security/oraclepki/21.5.0.0/osdt_core.jar,file:/C:/Users/xxbhatka/.m2/repository/com/oracle/database/security/oraclepki/21.5.0.0/osdt_cert.jar,file:/C:/Users/xxbhatka/.m2/repository/com/oracle/database/security/oraclepki/oracle.osdt/osdt_core.jar,file:/C:/Users/xxbhatka/.m2/repository/com/oracle/database/security/oraclepki/oracle.osdt/osdt_cert.jar
2024-04-14 15:15:14 [restartedMain] INFO  o.s.b.d.e.DevToolsPropertyDefaultsPostProcessor - Devtools property defaults active! Set 'spring.devtools.add-properties' to 'false' to disable
2024-04-14 15:15:14 [restartedMain] INFO  o.s.d.r.c.RepositoryConfigurationDelegate - Bootstrapping Spring Data JDBC repositories in DEFAULT mode.
2024-04-14 15:15:14 [restartedMain] INFO  o.s.d.r.c.RepositoryConfigurationDelegate - Finished Spring Data repository scanning in 10 ms. Found 0 JDBC repository interfaces.
2024-04-14 15:15:15 [restartedMain] INFO  com.zaxxer.hikari.HikariDataSource - HikariPool-1 - Starting...
2024-04-14 15:15:15 [restartedMain] WARN  c.z.hikari.util.DriverDataSource - Registered driver with driverClassName=oracle.jdbc.driver.OracleDriver was not found, trying direct instantiation.
2024-04-14 15:15:15 [restartedMain] INFO  com.zaxxer.hikari.pool.PoolBase - HikariPool-1 - Driver does not support get/set network timeout for connections. (oracle.jdbc.driver.T4CConnection.getNetworkTimeout()I)
2024-04-14 15:15:15 [restartedMain] INFO  com.zaxxer.hikari.HikariDataSource - HikariPool-1 - Start completed.
2024-04-14 15:15:15 [restartedMain] INFO  o.s.b.d.a.OptionalLiveReloadServer - LiveReload server is running on port 35729
2024-04-14 15:15:15 [restartedMain] INFO  d.c.DlteMyBankProjectDaoApplication - Started DlteMyBankProjectDaoApplication in 1.784 seconds (JVM running for 2.761)
2024-04-14 15:15:15 [restartedMain] INFO  d.c.dao.services.DebitCardService - total debit card retrieved:
2024-04-14 15:15:15 [restartedMain] ERROR d.c.dao.services.DebitCardService - Account Not found
2024-04-14 15:15:15 [SpringApplicationShutdownHook] INFO  com.zaxxer.hikari.HikariDataSource - HikariPool-1 - Shutdown initiated...
2024-04-14 15:15:15 [SpringApplicationShutdownHook] INFO  com.zaxxer.hikari.HikariDataSource - HikariPool-1 - Shutdown completed.
2024-04-14 15:15:45 [restartedMain] INFO  d.c.DlteMyBankProjectDaoApplication - Starting DlteMyBankProjectDaoApplication using Java 1.8.0_292 on WPG02VB9F with PID 11096 (C:\Users\xxbhatka\Videos\DLTE-MYBank-Project-DAO\target\classes started by xxbhatka in C:\Users\xxbhatka\Videos\DLTE-MYBank-Project-DAO)
2024-04-14 15:15:45 [restartedMain] INFO  d.c.DlteMyBankProjectDaoApplication - No active profile set, falling back to 1 default profile: "default"
2024-04-14 15:15:45 [restartedMain] INFO  o.s.b.d.restart.ChangeableUrls - The Class-Path manifest attribute in C:\Users\xxbhatka\.m2\repository\com\oracle\database\security\oraclepki\21.5.0.0\oraclepki-21.5.0.0.jar referenced one or more files that do not exist: file:/C:/Users/xxbhatka/.m2/repository/com/oracle/database/security/oraclepki/21.5.0.0/osdt_core.jar,file:/C:/Users/xxbhatka/.m2/repository/com/oracle/database/security/oraclepki/21.5.0.0/osdt_cert.jar,file:/C:/Users/xxbhatka/.m2/repository/com/oracle/database/security/oraclepki/oracle.osdt/osdt_core.jar,file:/C:/Users/xxbhatka/.m2/repository/com/oracle/database/security/oraclepki/oracle.osdt/osdt_cert.jar
2024-04-14 15:15:45 [restartedMain] INFO  o.s.b.d.e.DevToolsPropertyDefaultsPostProcessor - Devtools property defaults active! Set 'spring.devtools.add-properties' to 'false' to disable
2024-04-14 15:15:46 [restartedMain] INFO  o.s.d.r.c.RepositoryConfigurationDelegate - Bootstrapping Spring Data JDBC repositories in DEFAULT mode.
2024-04-14 15:15:46 [restartedMain] INFO  o.s.d.r.c.RepositoryConfigurationDelegate - Finished Spring Data repository scanning in 7 ms. Found 0 JDBC repository interfaces.
2024-04-14 15:15:46 [restartedMain] INFO  com.zaxxer.hikari.HikariDataSource - HikariPool-1 - Starting...
2024-04-14 15:15:46 [restartedMain] WARN  c.z.hikari.util.DriverDataSource - Registered driver with driverClassName=oracle.jdbc.driver.OracleDriver was not found, trying direct instantiation.
2024-04-14 15:15:46 [restartedMain] INFO  com.zaxxer.hikari.pool.PoolBase - HikariPool-1 - Driver does not support get/set network timeout for connections. (oracle.jdbc.driver.T4CConnection.getNetworkTimeout()I)
2024-04-14 15:15:46 [restartedMain] INFO  com.zaxxer.hikari.HikariDataSource - HikariPool-1 - Start completed.
2024-04-14 15:15:46 [restartedMain] INFO  o.s.b.d.a.OptionalLiveReloadServer - LiveReload server is running on port 35729
2024-04-14 15:15:46 [restartedMain] INFO  d.c.DlteMyBankProjectDaoApplication - Started DlteMyBankProjectDaoApplication in 1.666 seconds (JVM running for 2.532)
2024-04-14 15:15:46 [restartedMain] INFO  d.c.dao.services.DebitCardService - total debit card retrieved:
2024-04-14 15:15:46 [restartedMain] ERROR d.c.dao.services.DebitCardService - Debit card Blocked
2024-04-14 15:15:46 [SpringApplicationShutdownHook] INFO  com.zaxxer.hikari.HikariDataSource - HikariPool-1 - Shutdown initiated...
2024-04-14 15:15:46 [SpringApplicationShutdownHook] INFO  com.zaxxer.hikari.HikariDataSource - HikariPool-1 - Shutdown completed.
