2024-04-30 00:15:28 [main] INFO  d.c.a.MyProjectWebServiceApplication - Starting MyProjectWebServiceApplication using Java 1.8.0_292 on WPG02VB9F with PID 10788 (C:\DLTE-JavaFullStack-Ankitha-2024\MyBank Project\MyBank Project WebService\target\classes started by xxbhatka in C:\DLTE-JavaFullStack-Ankitha-2024\MyBank Project\MyBank Project WebService)
2024-04-30 00:15:28 [main] DEBUG d.c.a.MyProjectWebServiceApplication - Running with Spring Boot v2.7.10, Spring v5.3.26
2024-04-30 00:15:28 [main] INFO  d.c.a.MyProjectWebServiceApplication - No active profile set, falling back to 1 default profile: "default"
2024-04-30 00:15:29 [main] INFO  o.s.d.r.c.RepositoryConfigurationDelegate - Bootstrapping Spring Data JDBC repositories in DEFAULT mode.
2024-04-30 00:15:29 [main] INFO  o.s.d.r.c.RepositoryConfigurationDelegate - Finished Spring Data repository scanning in 9 ms. Found 0 JDBC repository interfaces.
2024-04-30 00:15:29 [main] INFO  o.s.c.s.PostProcessorRegistrationDelegate$BeanPostProcessorChecker - Bean 'org.springframework.ws.config.annotation.DelegatingWsConfiguration' of type [org.springframework.ws.config.annotation.DelegatingWsConfiguration$$EnhancerBySpringCGLIB$$471ca3dd] is not eligible for getting processed by all BeanPostProcessors (for example: not eligible for auto-proxying)
2024-04-30 00:15:29 [main] INFO  o.s.w.s.a.s.AnnotationActionEndpointMapping - Supporting [WS-Addressing August 2004, WS-Addressing 1.0]
2024-04-30 00:15:29 [main] INFO  o.s.b.w.e.tomcat.TomcatWebServer - Tomcat initialized with port(s): 8082 (http)
2024-04-30 00:15:29 [main] INFO  o.a.catalina.core.StandardService - Starting service [Tomcat]
2024-04-30 00:15:29 [main] INFO  o.a.catalina.core.StandardEngine - Starting Servlet engine: [Apache Tomcat/9.0.73]
2024-04-30 00:15:29 [main] INFO  o.a.c.c.C.[Tomcat].[localhost].[/] - Initializing Spring embedded WebApplicationContext
2024-04-30 00:15:29 [main] INFO  o.s.b.w.s.c.ServletWebServerApplicationContext - Root WebApplicationContext: initialization completed in 1362 ms
2024-04-30 00:15:29 [main] ERROR o.s.b.w.e.tomcat.TomcatStarter - Error starting Tomcat context. Exception: org.springframework.beans.factory.BeanCreationException. Message: Error creating bean with name 'debitCardServiceConfiguration' defined in file [C:\DLTE-JavaFullStack-Ankitha-2024\MyBank Project\MyBank Project WebService\target\classes\debit\card\application\configs\DebitCardServiceConfiguration.class]: Instantiation of bean failed; nested exception is org.springframework.beans.BeanInstantiationException: Failed to instantiate [debit.card.application.configs.DebitCardServiceConfiguration$$EnhancerBySpringCGLIB$$ef8d2769]: Constructor threw exception; nested exception is java.util.MissingResourceException: Can't find bundle for base name card, locale en_US
2024-04-30 00:15:29 [main] INFO  o.a.catalina.core.StandardService - Stopping service [Tomcat]
2024-04-30 00:15:29 [main] WARN  o.s.b.w.s.c.AnnotationConfigServletWebServerApplicationContext - Exception encountered during context initialization - cancelling refresh attempt: org.springframework.context.ApplicationContextException: Unable to start web server; nested exception is org.springframework.boot.web.server.WebServerException: Unable to start embedded Tomcat
2024-04-30 00:15:29 [main] INFO  o.s.b.a.l.ConditionEvaluationReportLoggingListener - 

Error starting ApplicationContext. To display the conditions report re-run your application with 'debug' enabled.
2024-04-30 00:15:29 [main] ERROR o.s.boot.SpringApplication - Application run failed
org.springframework.context.ApplicationContextException: Unable to start web server; nested exception is org.springframework.boot.web.server.WebServerException: Unable to start embedded Tomcat
	at org.springframework.boot.web.servlet.context.ServletWebServerApplicationContext.onRefresh(ServletWebServerApplicationContext.java:165)
	at org.springframework.context.support.AbstractApplicationContext.refresh(AbstractApplicationContext.java:577)
	at org.springframework.boot.web.servlet.context.ServletWebServerApplicationContext.refresh(ServletWebServerApplicationContext.java:147)
	at org.springframework.boot.SpringApplication.refresh(SpringApplication.java:731)
	at org.springframework.boot.SpringApplication.refreshContext(SpringApplication.java:408)
	at org.springframework.boot.SpringApplication.run(SpringApplication.java:307)
	at org.springframework.boot.SpringApplication.run(SpringApplication.java:1303)
	at org.springframework.boot.SpringApplication.run(SpringApplication.java:1292)
	at debit.card.application.MyProjectWebServiceApplication.main(MyProjectWebServiceApplication.java:10)
Caused by: org.springframework.boot.web.server.WebServerException: Unable to start embedded Tomcat
	at org.springframework.boot.web.embedded.tomcat.TomcatWebServer.initialize(TomcatWebServer.java:142)
	at org.springframework.boot.web.embedded.tomcat.TomcatWebServer.<init>(TomcatWebServer.java:104)
	at org.springframework.boot.web.embedded.tomcat.TomcatServletWebServerFactory.getTomcatWebServer(TomcatServletWebServerFactory.java:481)
	at org.springframework.boot.web.embedded.tomcat.TomcatServletWebServerFactory.getWebServer(TomcatServletWebServerFactory.java:211)
	at org.springframework.boot.web.servlet.context.ServletWebServerApplicationContext.createWebServer(ServletWebServerApplicationContext.java:184)
	at org.springframework.boot.web.servlet.context.ServletWebServerApplicationContext.onRefresh(ServletWebServerApplicationContext.java:162)
	... 8 common frames omitted
Caused by: org.springframework.beans.factory.BeanCreationException: Error creating bean with name 'debitCardServiceConfiguration' defined in file [C:\DLTE-JavaFullStack-Ankitha-2024\MyBank Project\MyBank Project WebService\target\classes\debit\card\application\configs\DebitCardServiceConfiguration.class]: Instantiation of bean failed; nested exception is org.springframework.beans.BeanInstantiationException: Failed to instantiate [debit.card.application.configs.DebitCardServiceConfiguration$$EnhancerBySpringCGLIB$$ef8d2769]: Constructor threw exception; nested exception is java.util.MissingResourceException: Can't find bundle for base name card, locale en_US
	at org.springframework.beans.factory.support.AbstractAutowireCapableBeanFactory.instantiateBean(AbstractAutowireCapableBeanFactory.java:1334)
	at org.springframework.beans.factory.support.AbstractAutowireCapableBeanFactory.createBeanInstance(AbstractAutowireCapableBeanFactory.java:1232)
	at org.springframework.beans.factory.support.AbstractAutowireCapableBeanFactory.doCreateBean(AbstractAutowireCapableBeanFactory.java:582)
	at org.springframework.beans.factory.support.AbstractAutowireCapableBeanFactory.createBean(AbstractAutowireCapableBeanFactory.java:542)
	at org.springframework.beans.factory.support.AbstractBeanFactory.lambda$doGetBean$0(AbstractBeanFactory.java:335)
	at org.springframework.beans.factory.support.DefaultSingletonBeanRegistry.getSingleton(DefaultSingletonBeanRegistry.java:234)
	at org.springframework.beans.factory.support.AbstractBeanFactory.doGetBean(AbstractBeanFactory.java:333)
	at org.springframework.beans.factory.support.AbstractBeanFactory.getBean(AbstractBeanFactory.java:208)
	at org.springframework.beans.factory.support.ConstructorResolver.instantiateUsingFactoryMethod(ConstructorResolver.java:410)
	at org.springframework.beans.factory.support.AbstractAutowireCapableBeanFactory.instantiateUsingFactoryMethod(AbstractAutowireCapableBeanFactory.java:1352)
	at org.springframework.beans.factory.support.AbstractAutowireCapableBeanFactory.createBeanInstance(AbstractAutowireCapableBeanFactory.java:1195)
	at org.springframework.beans.factory.support.AbstractAutowireCapableBeanFactory.doCreateBean(AbstractAutowireCapableBeanFactory.java:582)
	at org.springframework.beans.factory.support.AbstractAutowireCapableBeanFactory.createBean(AbstractAutowireCapableBeanFactory.java:542)
	at org.springframework.beans.factory.support.AbstractBeanFactory.lambda$doGetBean$0(AbstractBeanFactory.java:335)
	at org.springframework.beans.factory.support.DefaultSingletonBeanRegistry.getSingleton(DefaultSingletonBeanRegistry.java:234)
	at org.springframework.beans.factory.support.AbstractBeanFactory.doGetBean(AbstractBeanFactory.java:333)
	at org.springframework.beans.factory.support.AbstractBeanFactory.getBean(AbstractBeanFactory.java:213)
	at org.springframework.boot.web.servlet.ServletContextInitializerBeans.getOrderedBeansOfType(ServletContextInitializerBeans.java:213)
	at org.springframework.boot.web.servlet.ServletContextInitializerBeans.getOrderedBeansOfType(ServletContextInitializerBeans.java:204)
	at org.springframework.boot.web.servlet.ServletContextInitializerBeans.addServletContextInitializerBeans(ServletContextInitializerBeans.java:98)
	at org.springframework.boot.web.servlet.ServletContextInitializerBeans.<init>(ServletContextInitializerBeans.java:86)
	at org.springframework.boot.web.servlet.context.ServletWebServerApplicationContext.getServletContextInitializerBeans(ServletWebServerApplicationContext.java:262)
	at org.springframework.boot.web.servlet.context.ServletWebServerApplicationContext.selfInitialize(ServletWebServerApplicationContext.java:236)
	at org.springframework.boot.web.embedded.tomcat.TomcatStarter.onStartup(TomcatStarter.java:53)
	at org.apache.catalina.core.StandardContext.startInternal(StandardContext.java:4929)
	at org.apache.catalina.util.LifecycleBase.start(LifecycleBase.java:183)
	at org.apache.catalina.core.ContainerBase$StartChild.call(ContainerBase.java:1332)
	at org.apache.catalina.core.ContainerBase$StartChild.call(ContainerBase.java:1322)
	at java.util.concurrent.FutureTask.run(FutureTask.java:266)
	at org.apache.tomcat.util.threads.InlineExecutorService.execute(InlineExecutorService.java:75)
	at java.util.concurrent.AbstractExecutorService.submit(AbstractExecutorService.java:134)
	at org.apache.catalina.core.ContainerBase.startInternal(ContainerBase.java:871)
	at org.apache.catalina.core.StandardHost.startInternal(StandardHost.java:795)
	at org.apache.catalina.util.LifecycleBase.start(LifecycleBase.java:183)
	at org.apache.catalina.core.ContainerBase$StartChild.call(ContainerBase.java:1332)
	at org.apache.catalina.core.ContainerBase$StartChild.call(ContainerBase.java:1322)
	at java.util.concurrent.FutureTask.run(FutureTask.java:266)
	at org.apache.tomcat.util.threads.InlineExecutorService.execute(InlineExecutorService.java:75)
	at java.util.concurrent.AbstractExecutorService.submit(AbstractExecutorService.java:134)
	at org.apache.catalina.core.ContainerBase.startInternal(ContainerBase.java:871)
	at org.apache.catalina.core.StandardEngine.startInternal(StandardEngine.java:249)
	at org.apache.catalina.util.LifecycleBase.start(LifecycleBase.java:183)
	at org.apache.catalina.core.StandardService.startInternal(StandardService.java:428)
	at org.apache.catalina.util.LifecycleBase.start(LifecycleBase.java:183)
	at org.apache.catalina.core.StandardServer.startInternal(StandardServer.java:917)
	at org.apache.catalina.util.LifecycleBase.start(LifecycleBase.java:183)
	at org.apache.catalina.startup.Tomcat.start(Tomcat.java:486)
	at org.springframework.boot.web.embedded.tomcat.TomcatWebServer.initialize(TomcatWebServer.java:123)
	... 13 common frames omitted
Caused by: org.springframework.beans.BeanInstantiationException: Failed to instantiate [debit.card.application.configs.DebitCardServiceConfiguration$$EnhancerBySpringCGLIB$$ef8d2769]: Constructor threw exception; nested exception is java.util.MissingResourceException: Can't find bundle for base name card, locale en_US
	at org.springframework.beans.BeanUtils.instantiateClass(BeanUtils.java:224)
	at org.springframework.beans.factory.support.SimpleInstantiationStrategy.instantiate(SimpleInstantiationStrategy.java:87)
	at org.springframework.beans.factory.support.AbstractAutowireCapableBeanFactory.instantiateBean(AbstractAutowireCapableBeanFactory.java:1326)
	... 60 common frames omitted
Caused by: java.util.MissingResourceException: Can't find bundle for base name card, locale en_US
	at java.util.ResourceBundle.throwMissingResourceException(ResourceBundle.java:1581)
	at java.util.ResourceBundle.getBundleImpl(ResourceBundle.java:1396)
	at java.util.ResourceBundle.getBundle(ResourceBundle.java:782)
	at debit.card.application.configs.DebitCardServiceConfiguration.<init>(DebitCardServiceConfiguration.java:20)
	at debit.card.application.configs.DebitCardServiceConfiguration$$EnhancerBySpringCGLIB$$ef8d2769.<init>(<generated>)
	at sun.reflect.NativeConstructorAccessorImpl.newInstance0(Native Method)
	at sun.reflect.NativeConstructorAccessorImpl.newInstance(NativeConstructorAccessorImpl.java:62)
	at sun.reflect.DelegatingConstructorAccessorImpl.newInstance(DelegatingConstructorAccessorImpl.java:45)
	at java.lang.reflect.Constructor.newInstance(Constructor.java:423)
	at org.springframework.beans.BeanUtils.instantiateClass(BeanUtils.java:211)
	... 62 common frames omitted
2024-04-30 00:17:16 [main] INFO  d.c.a.MyProjectWebServiceApplication - Starting MyProjectWebServiceApplication using Java 1.8.0_292 on WPG02VB9F with PID 16176 (C:\DLTE-JavaFullStack-Ankitha-2024\MyBank Project\MyBank Project WebService\target\classes started by xxbhatka in C:\DLTE-JavaFullStack-Ankitha-2024\MyBank Project\MyBank Project WebService)
2024-04-30 00:17:16 [main] DEBUG d.c.a.MyProjectWebServiceApplication - Running with Spring Boot v2.7.10, Spring v5.3.26
2024-04-30 00:17:16 [main] INFO  d.c.a.MyProjectWebServiceApplication - No active profile set, falling back to 1 default profile: "default"
2024-04-30 00:17:17 [main] INFO  o.s.d.r.c.RepositoryConfigurationDelegate - Bootstrapping Spring Data JDBC repositories in DEFAULT mode.
2024-04-30 00:17:17 [main] INFO  o.s.d.r.c.RepositoryConfigurationDelegate - Finished Spring Data repository scanning in 10 ms. Found 0 JDBC repository interfaces.
2024-04-30 00:17:17 [main] INFO  o.s.c.s.PostProcessorRegistrationDelegate$BeanPostProcessorChecker - Bean 'org.springframework.ws.config.annotation.DelegatingWsConfiguration' of type [org.springframework.ws.config.annotation.DelegatingWsConfiguration$$EnhancerBySpringCGLIB$$c005ec3a] is not eligible for getting processed by all BeanPostProcessors (for example: not eligible for auto-proxying)
2024-04-30 00:17:17 [main] INFO  o.s.w.s.a.s.AnnotationActionEndpointMapping - Supporting [WS-Addressing August 2004, WS-Addressing 1.0]
2024-04-30 00:17:17 [main] INFO  o.s.b.w.e.tomcat.TomcatWebServer - Tomcat initialized with port(s): 8082 (http)
2024-04-30 00:17:17 [main] INFO  o.a.catalina.core.StandardService - Starting service [Tomcat]
2024-04-30 00:17:17 [main] INFO  o.a.catalina.core.StandardEngine - Starting Servlet engine: [Apache Tomcat/9.0.73]
2024-04-30 00:17:17 [main] INFO  o.a.c.c.C.[Tomcat].[localhost].[/] - Initializing Spring embedded WebApplicationContext
2024-04-30 00:17:17 [main] INFO  o.s.b.w.s.c.ServletWebServerApplicationContext - Root WebApplicationContext: initialization completed in 1562 ms
2024-04-30 00:17:18 [main] INFO  o.s.s.web.DefaultSecurityFilterChain - Will secure any request with [org.springframework.security.web.session.DisableEncodeUrlFilter@9596ce8, org.springframework.security.web.context.request.async.WebAsyncManagerIntegrationFilter@75ae4a1f, org.springframework.security.web.context.SecurityContextPersistenceFilter@f951a7f, org.springframework.security.web.header.HeaderWriterFilter@62e93c3a, org.springframework.web.filter.CorsFilter@70228253, org.springframework.security.web.authentication.logout.LogoutFilter@4339baec, org.springframework.security.web.authentication.UsernamePasswordAuthenticationFilter@6403e24c, org.springframework.security.web.authentication.www.BasicAuthenticationFilter@1a4d1ab7, org.springframework.security.web.savedrequest.RequestCacheAwareFilter@4c777e7b, org.springframework.security.web.servletapi.SecurityContextHolderAwareRequestFilter@78e22d35, org.springframework.security.web.authentication.AnonymousAuthenticationFilter@63c12e52, org.springframework.security.web.session.SessionManagementFilter@25d93198, org.springframework.security.web.access.ExceptionTranslationFilter@e9ef5b6, org.springframework.security.web.access.intercept.FilterSecurityInterceptor@6d1dcdff]
2024-04-30 00:17:18 [main] INFO  o.s.b.a.w.s.WelcomePageHandlerMapping - Adding welcome page template: index
2024-04-30 00:17:19 [main] INFO  com.zaxxer.hikari.HikariDataSource - HikariPool-1 - Starting...
2024-04-30 00:17:19 [main] INFO  com.zaxxer.hikari.pool.PoolBase - HikariPool-1 - Driver does not support get/set network timeout for connections. (oracle.jdbc.driver.T4CConnection.getNetworkTimeout()I)
2024-04-30 00:17:19 [main] INFO  com.zaxxer.hikari.HikariDataSource - HikariPool-1 - Start completed.
2024-04-30 00:17:19 [main] INFO  o.s.b.w.e.tomcat.TomcatWebServer - Tomcat started on port(s): 8082 (http) with context path ''
2024-04-30 00:17:19 [main] INFO  d.c.a.MyProjectWebServiceApplication - Started MyProjectWebServiceApplication in 3.703 seconds (JVM running for 4.498)
2024-04-30 00:17:27 [http-nio-8082-exec-1] INFO  o.a.c.c.C.[Tomcat].[localhost].[/] - Initializing Spring DispatcherServlet 'dispatcherServlet'
2024-04-30 00:17:27 [http-nio-8082-exec-1] INFO  o.s.web.servlet.DispatcherServlet - Initializing Servlet 'dispatcherServlet'
2024-04-30 00:17:27 [http-nio-8082-exec-1] INFO  o.s.web.servlet.DispatcherServlet - Completed initialization in 1 ms
2024-04-30 00:17:27 [http-nio-8082-exec-1] INFO  d.c.application.security.CardFailure - org.springframework.security.core.userdetails.UsernameNotFoundException: 
2024-04-30 00:17:27 [http-nio-8082-exec-1] WARN  d.c.application.security.CardFailure - Account suspended
2024-04-30 00:17:38 [http-nio-8082-exec-4] ERROR o.a.c.c.C.[.[.[.[dispatcherServlet] - Servlet.service() for servlet [dispatcherServlet] in context with path [] threw exception
java.util.MissingResourceException: Can't find resource for bundle java.util.PropertyResourceBundle, key attempts.updated
	at java.util.ResourceBundle.getObject(ResourceBundle.java:450)
	at java.util.ResourceBundle.getString(ResourceBundle.java:407)
	at debits.cards.dao.services.CardSecurityService.updateAttempts(CardSecurityService.java:45)
	at debit.card.application.security.CardFailure.onAuthenticationFailure(CardFailure.java:42)
	at org.springframework.security.web.authentication.AbstractAuthenticationProcessingFilter.unsuccessfulAuthentication(AbstractAuthenticationProcessingFilter.java:350)
	at org.springframework.security.web.authentication.AbstractAuthenticationProcessingFilter.doFilter(AbstractAuthenticationProcessingFilter.java:245)
	at org.springframework.security.web.authentication.AbstractAuthenticationProcessingFilter.doFilter(AbstractAuthenticationProcessingFilter.java:217)
	at org.springframework.security.web.FilterChainProxy$VirtualFilterChain.doFilter(FilterChainProxy.java:346)
	at org.springframework.security.web.authentication.logout.LogoutFilter.doFilter(LogoutFilter.java:103)
	at org.springframework.security.web.authentication.logout.LogoutFilter.doFilter(LogoutFilter.java:89)
	at org.springframework.security.web.FilterChainProxy$VirtualFilterChain.doFilter(FilterChainProxy.java:346)
	at org.springframework.web.filter.CorsFilter.doFilterInternal(CorsFilter.java:91)
	at org.springframework.web.filter.OncePerRequestFilter.doFilter(OncePerRequestFilter.java:117)
	at org.springframework.security.web.FilterChainProxy$VirtualFilterChain.doFilter(FilterChainProxy.java:346)
	at org.springframework.security.web.header.HeaderWriterFilter.doHeadersAfter(HeaderWriterFilter.java:90)
	at org.springframework.security.web.header.HeaderWriterFilter.doFilterInternal(HeaderWriterFilter.java:75)
	at org.springframework.web.filter.OncePerRequestFilter.doFilter(OncePerRequestFilter.java:117)
	at org.springframework.security.web.FilterChainProxy$VirtualFilterChain.doFilter(FilterChainProxy.java:346)
	at org.springframework.security.web.context.SecurityContextPersistenceFilter.doFilter(SecurityContextPersistenceFilter.java:112)
	at org.springframework.security.web.context.SecurityContextPersistenceFilter.doFilter(SecurityContextPersistenceFilter.java:82)
	at org.springframework.security.web.FilterChainProxy$VirtualFilterChain.doFilter(FilterChainProxy.java:346)
	at org.springframework.security.web.context.request.async.WebAsyncManagerIntegrationFilter.doFilterInternal(WebAsyncManagerIntegrationFilter.java:55)
	at org.springframework.web.filter.OncePerRequestFilter.doFilter(OncePerRequestFilter.java:117)
	at org.springframework.security.web.FilterChainProxy$VirtualFilterChain.doFilter(FilterChainProxy.java:346)
	at org.springframework.security.web.session.DisableEncodeUrlFilter.doFilterInternal(DisableEncodeUrlFilter.java:42)
	at org.springframework.web.filter.OncePerRequestFilter.doFilter(OncePerRequestFilter.java:117)
	at org.springframework.security.web.FilterChainProxy$VirtualFilterChain.doFilter(FilterChainProxy.java:346)
	at org.springframework.security.web.FilterChainProxy.doFilterInternal(FilterChainProxy.java:221)
	at org.springframework.security.web.FilterChainProxy.doFilter(FilterChainProxy.java:186)
	at org.springframework.web.filter.DelegatingFilterProxy.invokeDelegate(DelegatingFilterProxy.java:354)
	at org.springframework.web.filter.DelegatingFilterProxy.doFilter(DelegatingFilterProxy.java:267)
	at org.apache.catalina.core.ApplicationFilterChain.internalDoFilter(ApplicationFilterChain.java:178)
	at org.apache.catalina.core.ApplicationFilterChain.doFilter(ApplicationFilterChain.java:153)
	at org.springframework.web.filter.RequestContextFilter.doFilterInternal(RequestContextFilter.java:100)
	at org.springframework.web.filter.OncePerRequestFilter.doFilter(OncePerRequestFilter.java:117)
	at org.apache.catalina.core.ApplicationFilterChain.internalDoFilter(ApplicationFilterChain.java:178)
	at org.apache.catalina.core.ApplicationFilterChain.doFilter(ApplicationFilterChain.java:153)
	at org.springframework.web.filter.FormContentFilter.doFilterInternal(FormContentFilter.java:93)
	at org.springframework.web.filter.OncePerRequestFilter.doFilter(OncePerRequestFilter.java:117)
	at org.apache.catalina.core.ApplicationFilterChain.internalDoFilter(ApplicationFilterChain.java:178)
	at org.apache.catalina.core.ApplicationFilterChain.doFilter(ApplicationFilterChain.java:153)
	at org.springframework.web.filter.CharacterEncodingFilter.doFilterInternal(CharacterEncodingFilter.java:201)
	at org.springframework.web.filter.OncePerRequestFilter.doFilter(OncePerRequestFilter.java:117)
	at org.apache.catalina.core.ApplicationFilterChain.internalDoFilter(ApplicationFilterChain.java:178)
	at org.apache.catalina.core.ApplicationFilterChain.doFilter(ApplicationFilterChain.java:153)
	at org.apache.catalina.core.StandardWrapperValve.invoke(StandardWrapperValve.java:167)
	at org.apache.catalina.core.StandardContextValve.invoke(StandardContextValve.java:90)
	at org.apache.catalina.authenticator.AuthenticatorBase.invoke(AuthenticatorBase.java:492)
	at org.apache.catalina.core.StandardHostValve.invoke(StandardHostValve.java:130)
	at org.apache.catalina.valves.ErrorReportValve.invoke(ErrorReportValve.java:93)
	at org.apache.catalina.core.StandardEngineValve.invoke(StandardEngineValve.java:74)
	at org.apache.catalina.connector.CoyoteAdapter.service(CoyoteAdapter.java:343)
	at org.apache.coyote.http11.Http11Processor.service(Http11Processor.java:389)
	at org.apache.coyote.AbstractProcessorLight.process(AbstractProcessorLight.java:63)
	at org.apache.coyote.AbstractProtocol$ConnectionHandler.process(AbstractProtocol.java:926)
	at org.apache.tomcat.util.net.NioEndpoint$SocketProcessor.doRun(NioEndpoint.java:1791)
	at org.apache.tomcat.util.net.SocketProcessorBase.run(SocketProcessorBase.java:49)
	at org.apache.tomcat.util.threads.ThreadPoolExecutor.runWorker(ThreadPoolExecutor.java:1191)
	at org.apache.tomcat.util.threads.ThreadPoolExecutor$Worker.run(ThreadPoolExecutor.java:659)
	at org.apache.tomcat.util.threads.TaskThread$WrappingRunnable.run(TaskThread.java:61)
	at java.lang.Thread.run(Thread.java:748)
2024-04-30 00:22:08 [main] INFO  d.c.a.MyProjectWebServiceApplication - Starting MyProjectWebServiceApplication using Java 1.8.0_292 on WPG02VB9F with PID 15080 (C:\DLTE-JavaFullStack-Ankitha-2024\MyBank Project\MyBank Project WebService\target\classes started by xxbhatka in C:\DLTE-JavaFullStack-Ankitha-2024\MyBank Project\MyBank Project WebService)
2024-04-30 00:22:08 [main] DEBUG d.c.a.MyProjectWebServiceApplication - Running with Spring Boot v2.7.10, Spring v5.3.26
2024-04-30 00:22:08 [main] INFO  d.c.a.MyProjectWebServiceApplication - No active profile set, falling back to 1 default profile: "default"
2024-04-30 00:22:09 [main] INFO  o.s.d.r.c.RepositoryConfigurationDelegate - Bootstrapping Spring Data JDBC repositories in DEFAULT mode.
2024-04-30 00:22:09 [main] INFO  o.s.d.r.c.RepositoryConfigurationDelegate - Finished Spring Data repository scanning in 8 ms. Found 0 JDBC repository interfaces.
2024-04-30 00:22:09 [main] INFO  o.s.c.s.PostProcessorRegistrationDelegate$BeanPostProcessorChecker - Bean 'org.springframework.ws.config.annotation.DelegatingWsConfiguration' of type [org.springframework.ws.config.annotation.DelegatingWsConfiguration$$EnhancerBySpringCGLIB$$a1a91620] is not eligible for getting processed by all BeanPostProcessors (for example: not eligible for auto-proxying)
2024-04-30 00:22:09 [main] INFO  o.s.w.s.a.s.AnnotationActionEndpointMapping - Supporting [WS-Addressing August 2004, WS-Addressing 1.0]
2024-04-30 00:22:10 [main] INFO  o.s.b.w.e.tomcat.TomcatWebServer - Tomcat initialized with port(s): 8082 (http)
2024-04-30 00:22:10 [main] INFO  o.a.catalina.core.StandardService - Starting service [Tomcat]
2024-04-30 00:22:10 [main] INFO  o.a.catalina.core.StandardEngine - Starting Servlet engine: [Apache Tomcat/9.0.73]
2024-04-30 00:22:10 [main] INFO  o.a.c.c.C.[Tomcat].[localhost].[/] - Initializing Spring embedded WebApplicationContext
2024-04-30 00:22:10 [main] INFO  o.s.b.w.s.c.ServletWebServerApplicationContext - Root WebApplicationContext: initialization completed in 1684 ms
2024-04-30 00:22:10 [main] INFO  o.s.s.web.DefaultSecurityFilterChain - Will secure any request with [org.springframework.security.web.session.DisableEncodeUrlFilter@26c47874, org.springframework.security.web.context.request.async.WebAsyncManagerIntegrationFilter@421056e5, org.springframework.security.web.context.SecurityContextPersistenceFilter@2e8a1ab4, org.springframework.security.web.header.HeaderWriterFilter@20cece0b, org.springframework.web.filter.CorsFilter@2849434b, org.springframework.security.web.authentication.logout.LogoutFilter@52e04737, org.springframework.security.web.authentication.UsernamePasswordAuthenticationFilter@3968bc60, org.springframework.security.web.authentication.www.BasicAuthenticationFilter@35d5ac51, org.springframework.security.web.savedrequest.RequestCacheAwareFilter@1aabf50d, org.springframework.security.web.servletapi.SecurityContextHolderAwareRequestFilter@de8039f, org.springframework.security.web.authentication.AnonymousAuthenticationFilter@60bbacfc, org.springframework.security.web.session.SessionManagementFilter@5f038248, org.springframework.security.web.access.ExceptionTranslationFilter@673919a7, org.springframework.security.web.access.intercept.FilterSecurityInterceptor@43045f9f]
2024-04-30 00:22:11 [main] INFO  o.s.b.a.w.s.WelcomePageHandlerMapping - Adding welcome page template: index
2024-04-30 00:22:11 [main] INFO  com.zaxxer.hikari.HikariDataSource - HikariPool-1 - Starting...
2024-04-30 00:22:11 [main] INFO  com.zaxxer.hikari.pool.PoolBase - HikariPool-1 - Driver does not support get/set network timeout for connections. (oracle.jdbc.driver.T4CConnection.getNetworkTimeout()I)
2024-04-30 00:22:11 [main] INFO  com.zaxxer.hikari.HikariDataSource - HikariPool-1 - Start completed.
2024-04-30 00:22:12 [main] INFO  o.s.b.w.e.tomcat.TomcatWebServer - Tomcat started on port(s): 8082 (http) with context path ''
2024-04-30 00:22:12 [main] INFO  d.c.a.MyProjectWebServiceApplication - Started MyProjectWebServiceApplication in 3.908 seconds (JVM running for 4.925)
2024-04-30 00:22:23 [http-nio-8082-exec-1] INFO  o.a.c.c.C.[Tomcat].[localhost].[/] - Initializing Spring DispatcherServlet 'dispatcherServlet'
2024-04-30 00:22:23 [http-nio-8082-exec-1] INFO  o.s.web.servlet.DispatcherServlet - Initializing Servlet 'dispatcherServlet'
2024-04-30 00:22:23 [http-nio-8082-exec-1] INFO  o.s.web.servlet.DispatcherServlet - Completed initialization in 0 ms
2024-04-30 00:22:25 [http-nio-8082-exec-1] INFO  d.c.dao.services.CardSecurityService - Attempts are Updated
2024-04-30 00:22:25 [http-nio-8082-exec-1] WARN  d.c.application.security.CardFailure - Invalid credentials and attempts taken
2024-04-30 00:22:25 [http-nio-8082-exec-1] WARN  d.c.application.security.CardFailure - 3 1 Attempts remaining
2024-04-30 09:09:38 [main] INFO  d.c.a.MyProjectWebServiceApplication - Starting MyProjectWebServiceApplication using Java 1.8.0_292 on WPG02VB9F with PID 5588 (C:\DLTE-JavaFullStack-Ankitha-2024\MyBank Project\MyBank Project WebService\target\classes started by xxbhatka in C:\DLTE-JavaFullStack-Ankitha-2024\MyBank Project\MyBank Project WebService)
2024-04-30 09:09:38 [main] DEBUG d.c.a.MyProjectWebServiceApplication - Running with Spring Boot v2.7.10, Spring v5.3.26
2024-04-30 09:09:38 [main] INFO  d.c.a.MyProjectWebServiceApplication - No active profile set, falling back to 1 default profile: "default"
2024-04-30 09:09:39 [main] INFO  o.s.d.r.c.RepositoryConfigurationDelegate - Bootstrapping Spring Data JDBC repositories in DEFAULT mode.
2024-04-30 09:09:39 [main] INFO  o.s.d.r.c.RepositoryConfigurationDelegate - Finished Spring Data repository scanning in 9 ms. Found 0 JDBC repository interfaces.
2024-04-30 09:09:39 [main] INFO  o.s.c.s.PostProcessorRegistrationDelegate$BeanPostProcessorChecker - Bean 'org.springframework.ws.config.annotation.DelegatingWsConfiguration' of type [org.springframework.ws.config.annotation.DelegatingWsConfiguration$$EnhancerBySpringCGLIB$$4ecb87d7] is not eligible for getting processed by all BeanPostProcessors (for example: not eligible for auto-proxying)
2024-04-30 09:09:39 [main] INFO  o.s.w.s.a.s.AnnotationActionEndpointMapping - Supporting [WS-Addressing August 2004, WS-Addressing 1.0]
2024-04-30 09:09:40 [main] INFO  o.s.b.w.e.tomcat.TomcatWebServer - Tomcat initialized with port(s): 8082 (http)
2024-04-30 09:09:40 [main] INFO  o.a.catalina.core.StandardService - Starting service [Tomcat]
2024-04-30 09:09:40 [main] INFO  o.a.catalina.core.StandardEngine - Starting Servlet engine: [Apache Tomcat/9.0.73]
2024-04-30 09:09:40 [main] INFO  o.a.c.c.C.[Tomcat].[localhost].[/] - Initializing Spring embedded WebApplicationContext
2024-04-30 09:09:40 [main] INFO  o.s.b.w.s.c.ServletWebServerApplicationContext - Root WebApplicationContext: initialization completed in 2140 ms
2024-04-30 09:09:41 [main] INFO  o.s.s.web.DefaultSecurityFilterChain - Will secure any request with [org.springframework.security.web.session.DisableEncodeUrlFilter@a66e580, org.springframework.security.web.context.request.async.WebAsyncManagerIntegrationFilter@5b852b49, org.springframework.security.web.context.SecurityContextPersistenceFilter@6f49d153, org.springframework.security.web.header.HeaderWriterFilter@53ec2968, org.springframework.web.filter.CorsFilter@cdb2d95, org.springframework.security.web.authentication.logout.LogoutFilter@1e8ab90f, org.springframework.security.web.authentication.UsernamePasswordAuthenticationFilter@255eaa6b, org.springframework.security.web.authentication.www.BasicAuthenticationFilter@5b9396d3, org.springframework.security.web.savedrequest.RequestCacheAwareFilter@7e7f0216, org.springframework.security.web.servletapi.SecurityContextHolderAwareRequestFilter@62db3891, org.springframework.security.web.authentication.AnonymousAuthenticationFilter@122d6c22, org.springframework.security.web.session.SessionManagementFilter@7e19755a, org.springframework.security.web.access.ExceptionTranslationFilter@1deceb67, org.springframework.security.web.access.intercept.FilterSecurityInterceptor@63c12e52]
2024-04-30 09:09:41 [main] INFO  o.s.b.a.w.s.WelcomePageHandlerMapping - Adding welcome page template: index
2024-04-30 09:09:42 [main] INFO  com.zaxxer.hikari.HikariDataSource - HikariPool-1 - Starting...
2024-04-30 09:09:42 [main] INFO  com.zaxxer.hikari.pool.PoolBase - HikariPool-1 - Driver does not support get/set network timeout for connections. (oracle.jdbc.driver.T4CConnection.getNetworkTimeout()I)
2024-04-30 09:09:42 [main] INFO  com.zaxxer.hikari.HikariDataSource - HikariPool-1 - Start completed.
2024-04-30 09:09:42 [main] INFO  o.s.b.w.e.tomcat.TomcatWebServer - Tomcat started on port(s): 8082 (http) with context path ''
2024-04-30 09:09:42 [main] INFO  d.c.a.MyProjectWebServiceApplication - Started MyProjectWebServiceApplication in 4.759 seconds (JVM running for 5.974)
2024-04-30 09:10:11 [http-nio-8082-exec-1] INFO  o.a.c.c.C.[Tomcat].[localhost].[/] - Initializing Spring DispatcherServlet 'dispatcherServlet'
2024-04-30 09:10:11 [http-nio-8082-exec-1] INFO  o.s.web.servlet.DispatcherServlet - Initializing Servlet 'dispatcherServlet'
2024-04-30 09:10:11 [http-nio-8082-exec-1] INFO  o.s.web.servlet.DispatcherServlet - Completed initialization in 5 ms
2024-04-30 09:11:58 [main] INFO  d.c.a.MyProjectWebServiceApplication - Starting MyProjectWebServiceApplication using Java 1.8.0_292 on WPG02VB9F with PID 22728 (C:\DLTE-JavaFullStack-Ankitha-2024\MyBank Project\MyBank Project WebService\target\classes started by xxbhatka in C:\DLTE-JavaFullStack-Ankitha-2024\MyBank Project\MyBank Project WebService)
2024-04-30 09:11:58 [main] DEBUG d.c.a.MyProjectWebServiceApplication - Running with Spring Boot v2.7.10, Spring v5.3.26
2024-04-30 09:11:58 [main] INFO  d.c.a.MyProjectWebServiceApplication - No active profile set, falling back to 1 default profile: "default"
2024-04-30 09:12:00 [main] INFO  o.s.d.r.c.RepositoryConfigurationDelegate - Bootstrapping Spring Data JDBC repositories in DEFAULT mode.
2024-04-30 09:12:00 [main] INFO  o.s.d.r.c.RepositoryConfigurationDelegate - Finished Spring Data repository scanning in 17 ms. Found 0 JDBC repository interfaces.
2024-04-30 09:12:00 [main] INFO  o.s.c.s.PostProcessorRegistrationDelegate$BeanPostProcessorChecker - Bean 'org.springframework.ws.config.annotation.DelegatingWsConfiguration' of type [org.springframework.ws.config.annotation.DelegatingWsConfiguration$$EnhancerBySpringCGLIB$$8ffa4806] is not eligible for getting processed by all BeanPostProcessors (for example: not eligible for auto-proxying)
2024-04-30 09:12:00 [main] INFO  o.s.w.s.a.s.AnnotationActionEndpointMapping - Supporting [WS-Addressing August 2004, WS-Addressing 1.0]
2024-04-30 09:12:01 [main] INFO  o.s.b.w.e.tomcat.TomcatWebServer - Tomcat initialized with port(s): 8082 (http)
2024-04-30 09:12:01 [main] INFO  o.a.catalina.core.StandardService - Starting service [Tomcat]
2024-04-30 09:12:01 [main] INFO  o.a.catalina.core.StandardEngine - Starting Servlet engine: [Apache Tomcat/9.0.73]
2024-04-30 09:12:01 [main] INFO  o.a.c.c.C.[Tomcat].[localhost].[/] - Initializing Spring embedded WebApplicationContext
2024-04-30 09:12:01 [main] INFO  o.s.b.w.s.c.ServletWebServerApplicationContext - Root WebApplicationContext: initialization completed in 2981 ms
2024-04-30 09:12:02 [main] INFO  o.s.s.web.DefaultSecurityFilterChain - Will secure any request with [org.springframework.security.web.session.DisableEncodeUrlFilter@26c47874, org.springframework.security.web.context.request.async.WebAsyncManagerIntegrationFilter@421056e5, org.springframework.security.web.context.SecurityContextPersistenceFilter@2e8a1ab4, org.springframework.security.web.header.HeaderWriterFilter@20cece0b, org.springframework.web.filter.CorsFilter@2849434b, org.springframework.security.web.authentication.logout.LogoutFilter@52e04737, org.springframework.security.web.authentication.UsernamePasswordAuthenticationFilter@3968bc60, org.springframework.security.web.authentication.www.BasicAuthenticationFilter@35d5ac51, org.springframework.security.web.savedrequest.RequestCacheAwareFilter@1aabf50d, org.springframework.security.web.servletapi.SecurityContextHolderAwareRequestFilter@de8039f, org.springframework.security.web.authentication.AnonymousAuthenticationFilter@60bbacfc, org.springframework.security.web.session.SessionManagementFilter@5f038248, org.springframework.security.web.access.ExceptionTranslationFilter@673919a7, org.springframework.security.web.access.intercept.FilterSecurityInterceptor@43045f9f]
2024-04-30 09:12:02 [main] INFO  o.s.b.a.w.s.WelcomePageHandlerMapping - Adding welcome page template: index
2024-04-30 09:12:03 [main] INFO  com.zaxxer.hikari.HikariDataSource - HikariPool-1 - Starting...
2024-04-30 09:12:03 [main] INFO  com.zaxxer.hikari.pool.PoolBase - HikariPool-1 - Driver does not support get/set network timeout for connections. (oracle.jdbc.driver.T4CConnection.getNetworkTimeout()I)
2024-04-30 09:12:03 [main] INFO  com.zaxxer.hikari.HikariDataSource - HikariPool-1 - Start completed.
2024-04-30 09:12:04 [main] INFO  o.s.b.w.e.tomcat.TomcatWebServer - Tomcat started on port(s): 8082 (http) with context path ''
2024-04-30 09:12:04 [main] INFO  d.c.a.MyProjectWebServiceApplication - Started MyProjectWebServiceApplication in 6.127 seconds (JVM running for 7.147)
2024-04-30 09:12:08 [http-nio-8082-exec-1] INFO  o.a.c.c.C.[Tomcat].[localhost].[/] - Initializing Spring DispatcherServlet 'dispatcherServlet'
2024-04-30 09:12:08 [http-nio-8082-exec-1] INFO  o.s.web.servlet.DispatcherServlet - Initializing Servlet 'dispatcherServlet'
2024-04-30 09:12:08 [http-nio-8082-exec-1] INFO  o.s.web.servlet.DispatcherServlet - Completed initialization in 0 ms
2024-04-30 09:12:52 [main] INFO  d.c.a.MyProjectWebServiceApplication - Starting MyProjectWebServiceApplication using Java 1.8.0_292 on WPG02VB9F with PID 21652 (C:\DLTE-JavaFullStack-Ankitha-2024\MyBank Project\MyBank Project WebService\target\classes started by xxbhatka in C:\DLTE-JavaFullStack-Ankitha-2024\MyBank Project\MyBank Project WebService)
2024-04-30 09:12:52 [main] DEBUG d.c.a.MyProjectWebServiceApplication - Running with Spring Boot v2.7.10, Spring v5.3.26
2024-04-30 09:12:52 [main] INFO  d.c.a.MyProjectWebServiceApplication - No active profile set, falling back to 1 default profile: "default"
2024-04-30 09:12:54 [main] INFO  o.s.d.r.c.RepositoryConfigurationDelegate - Bootstrapping Spring Data JDBC repositories in DEFAULT mode.
2024-04-30 09:12:54 [main] INFO  o.s.d.r.c.RepositoryConfigurationDelegate - Finished Spring Data repository scanning in 9 ms. Found 0 JDBC repository interfaces.
2024-04-30 09:12:54 [main] INFO  o.s.c.s.PostProcessorRegistrationDelegate$BeanPostProcessorChecker - Bean 'org.springframework.ws.config.annotation.DelegatingWsConfiguration' of type [org.springframework.ws.config.annotation.DelegatingWsConfiguration$$EnhancerBySpringCGLIB$$8ffa4806] is not eligible for getting processed by all BeanPostProcessors (for example: not eligible for auto-proxying)
2024-04-30 09:12:54 [main] INFO  o.s.w.s.a.s.AnnotationActionEndpointMapping - Supporting [WS-Addressing August 2004, WS-Addressing 1.0]
2024-04-30 09:12:54 [main] INFO  o.s.b.w.e.tomcat.TomcatWebServer - Tomcat initialized with port(s): 8082 (http)
2024-04-30 09:12:54 [main] INFO  o.a.catalina.core.StandardService - Starting service [Tomcat]
2024-04-30 09:12:54 [main] INFO  o.a.catalina.core.StandardEngine - Starting Servlet engine: [Apache Tomcat/9.0.73]
2024-04-30 09:12:54 [main] INFO  o.a.c.c.C.[Tomcat].[localhost].[/] - Initializing Spring embedded WebApplicationContext
2024-04-30 09:12:54 [main] INFO  o.s.b.w.s.c.ServletWebServerApplicationContext - Root WebApplicationContext: initialization completed in 1825 ms
2024-04-30 09:12:55 [main] INFO  o.s.s.web.DefaultSecurityFilterChain - Will secure any request with [org.springframework.security.web.session.DisableEncodeUrlFilter@26c47874, org.springframework.security.web.context.request.async.WebAsyncManagerIntegrationFilter@421056e5, org.springframework.security.web.context.SecurityContextPersistenceFilter@2e8a1ab4, org.springframework.security.web.header.HeaderWriterFilter@20cece0b, org.springframework.web.filter.CorsFilter@2849434b, org.springframework.security.web.authentication.logout.LogoutFilter@52e04737, org.springframework.security.web.authentication.UsernamePasswordAuthenticationFilter@3968bc60, org.springframework.security.web.authentication.www.BasicAuthenticationFilter@35d5ac51, org.springframework.security.web.savedrequest.RequestCacheAwareFilter@1aabf50d, org.springframework.security.web.servletapi.SecurityContextHolderAwareRequestFilter@de8039f, org.springframework.security.web.authentication.AnonymousAuthenticationFilter@60bbacfc, org.springframework.security.web.session.SessionManagementFilter@5f038248, org.springframework.security.web.access.ExceptionTranslationFilter@673919a7, org.springframework.security.web.access.intercept.FilterSecurityInterceptor@43045f9f]
2024-04-30 09:12:55 [main] INFO  o.s.b.a.w.s.WelcomePageHandlerMapping - Adding welcome page template: index
2024-04-30 09:12:56 [main] INFO  com.zaxxer.hikari.HikariDataSource - HikariPool-1 - Starting...
2024-04-30 09:12:56 [main] INFO  com.zaxxer.hikari.pool.PoolBase - HikariPool-1 - Driver does not support get/set network timeout for connections. (oracle.jdbc.driver.T4CConnection.getNetworkTimeout()I)
2024-04-30 09:12:56 [main] INFO  com.zaxxer.hikari.HikariDataSource - HikariPool-1 - Start completed.
2024-04-30 09:12:56 [main] INFO  o.s.b.w.e.tomcat.TomcatWebServer - Tomcat started on port(s): 8082 (http) with context path ''
2024-04-30 09:12:56 [main] INFO  d.c.a.MyProjectWebServiceApplication - Started MyProjectWebServiceApplication in 4.012 seconds (JVM running for 5.078)
2024-04-30 09:13:03 [http-nio-8082-exec-2] INFO  o.a.c.c.C.[Tomcat].[localhost].[/] - Initializing Spring DispatcherServlet 'dispatcherServlet'
2024-04-30 09:13:03 [http-nio-8082-exec-2] INFO  o.s.web.servlet.DispatcherServlet - Initializing Servlet 'dispatcherServlet'
2024-04-30 09:13:03 [http-nio-8082-exec-2] INFO  o.s.web.servlet.DispatcherServlet - Completed initialization in 16 ms
2024-04-30 09:14:56 [main] INFO  d.c.a.MyProjectWebServiceApplication - Starting MyProjectWebServiceApplication using Java 1.8.0_292 on WPG02VB9F with PID 3296 (C:\DLTE-JavaFullStack-Ankitha-2024\MyBank Project\MyBank Project WebService\target\classes started by xxbhatka in C:\DLTE-JavaFullStack-Ankitha-2024\MyBank Project\MyBank Project WebService)
2024-04-30 09:14:56 [main] DEBUG d.c.a.MyProjectWebServiceApplication - Running with Spring Boot v2.7.10, Spring v5.3.26
2024-04-30 09:14:56 [main] INFO  d.c.a.MyProjectWebServiceApplication - No active profile set, falling back to 1 default profile: "default"
2024-04-30 09:14:58 [main] INFO  o.s.d.r.c.RepositoryConfigurationDelegate - Bootstrapping Spring Data JDBC repositories in DEFAULT mode.
2024-04-30 09:14:58 [main] INFO  o.s.d.r.c.RepositoryConfigurationDelegate - Finished Spring Data repository scanning in 23 ms. Found 0 JDBC repository interfaces.
2024-04-30 09:14:59 [main] INFO  o.s.c.s.PostProcessorRegistrationDelegate$BeanPostProcessorChecker - Bean 'org.springframework.ws.config.annotation.DelegatingWsConfiguration' of type [org.springframework.ws.config.annotation.DelegatingWsConfiguration$$EnhancerBySpringCGLIB$$8ffa4806] is not eligible for getting processed by all BeanPostProcessors (for example: not eligible for auto-proxying)
2024-04-30 09:14:59 [main] INFO  o.s.w.s.a.s.AnnotationActionEndpointMapping - Supporting [WS-Addressing August 2004, WS-Addressing 1.0]
2024-04-30 09:14:59 [main] INFO  o.s.b.w.e.tomcat.TomcatWebServer - Tomcat initialized with port(s): 8082 (http)
2024-04-30 09:14:59 [main] INFO  o.a.catalina.core.StandardService - Starting service [Tomcat]
2024-04-30 09:14:59 [main] INFO  o.a.catalina.core.StandardEngine - Starting Servlet engine: [Apache Tomcat/9.0.73]
2024-04-30 09:15:00 [main] INFO  o.a.c.c.C.[Tomcat].[localhost].[/] - Initializing Spring embedded WebApplicationContext
2024-04-30 09:15:00 [main] INFO  o.s.b.w.s.c.ServletWebServerApplicationContext - Root WebApplicationContext: initialization completed in 3341 ms
2024-04-30 09:15:00 [main] INFO  o.s.s.web.DefaultSecurityFilterChain - Will secure any request with [org.springframework.security.web.session.DisableEncodeUrlFilter@26c47874, org.springframework.security.web.context.request.async.WebAsyncManagerIntegrationFilter@421056e5, org.springframework.security.web.context.SecurityContextPersistenceFilter@2e8a1ab4, org.springframework.security.web.header.HeaderWriterFilter@20cece0b, org.springframework.web.filter.CorsFilter@2849434b, org.springframework.security.web.authentication.logout.LogoutFilter@52e04737, org.springframework.security.web.authentication.UsernamePasswordAuthenticationFilter@3968bc60, org.springframework.security.web.authentication.www.BasicAuthenticationFilter@35d5ac51, org.springframework.security.web.savedrequest.RequestCacheAwareFilter@1aabf50d, org.springframework.security.web.servletapi.SecurityContextHolderAwareRequestFilter@de8039f, org.springframework.security.web.authentication.AnonymousAuthenticationFilter@60bbacfc, org.springframework.security.web.session.SessionManagementFilter@5f038248, org.springframework.security.web.access.ExceptionTranslationFilter@673919a7, org.springframework.security.web.access.intercept.FilterSecurityInterceptor@43045f9f]
2024-04-30 09:15:01 [main] INFO  o.s.b.a.w.s.WelcomePageHandlerMapping - Adding welcome page template: index
2024-04-30 09:15:02 [main] INFO  com.zaxxer.hikari.HikariDataSource - HikariPool-1 - Starting...
2024-04-30 09:15:02 [main] INFO  com.zaxxer.hikari.pool.PoolBase - HikariPool-1 - Driver does not support get/set network timeout for connections. (oracle.jdbc.driver.T4CConnection.getNetworkTimeout()I)
2024-04-30 09:15:02 [main] INFO  com.zaxxer.hikari.HikariDataSource - HikariPool-1 - Start completed.
2024-04-30 09:15:02 [main] INFO  o.s.b.w.e.tomcat.TomcatWebServer - Tomcat started on port(s): 8082 (http) with context path ''
2024-04-30 09:15:02 [main] INFO  d.c.a.MyProjectWebServiceApplication - Started MyProjectWebServiceApplication in 6.659 seconds (JVM running for 7.658)
2024-04-30 09:16:28 [http-nio-8082-exec-1] INFO  o.a.c.c.C.[Tomcat].[localhost].[/] - Initializing Spring DispatcherServlet 'dispatcherServlet'
2024-04-30 09:16:28 [http-nio-8082-exec-1] INFO  o.s.web.servlet.DispatcherServlet - Initializing Servlet 'dispatcherServlet'
2024-04-30 09:16:28 [http-nio-8082-exec-1] INFO  o.s.web.servlet.DispatcherServlet - Completed initialization in 0 ms
2024-04-30 09:16:29 [http-nio-8082-exec-1] ERROR o.a.c.c.C.[.[.[.[dispatcherServlet] - Servlet.service() for servlet [dispatcherServlet] in context with path [] threw exception
java.util.MissingResourceException: Can't find resource for bundle java.util.PropertyResourceBundle, key attempts.updated
	at java.util.ResourceBundle.getObject(ResourceBundle.java:450)
	at java.util.ResourceBundle.getString(ResourceBundle.java:407)
	at debits.cards.dao.services.CardSecurityService.updateAttempts(CardSecurityService.java:45)
	at debit.card.application.security.CardSuccessHandler.onAuthenticationSuccess(CardSuccessHandler.java:34)
	at org.springframework.security.web.authentication.AbstractAuthenticationProcessingFilter.successfulAuthentication(AbstractAuthenticationProcessingFilter.java:329)
	at org.springframework.security.web.authentication.AbstractAuthenticationProcessingFilter.doFilter(AbstractAuthenticationProcessingFilter.java:237)
	at org.springframework.security.web.authentication.AbstractAuthenticationProcessingFilter.doFilter(AbstractAuthenticationProcessingFilter.java:217)
	at org.springframework.security.web.FilterChainProxy$VirtualFilterChain.doFilter(FilterChainProxy.java:346)
	at org.springframework.security.web.authentication.logout.LogoutFilter.doFilter(LogoutFilter.java:103)
	at org.springframework.security.web.authentication.logout.LogoutFilter.doFilter(LogoutFilter.java:89)
	at org.springframework.security.web.FilterChainProxy$VirtualFilterChain.doFilter(FilterChainProxy.java:346)
	at org.springframework.web.filter.CorsFilter.doFilterInternal(CorsFilter.java:91)
	at org.springframework.web.filter.OncePerRequestFilter.doFilter(OncePerRequestFilter.java:117)
	at org.springframework.security.web.FilterChainProxy$VirtualFilterChain.doFilter(FilterChainProxy.java:346)
	at org.springframework.security.web.header.HeaderWriterFilter.doHeadersAfter(HeaderWriterFilter.java:90)
	at org.springframework.security.web.header.HeaderWriterFilter.doFilterInternal(HeaderWriterFilter.java:75)
	at org.springframework.web.filter.OncePerRequestFilter.doFilter(OncePerRequestFilter.java:117)
	at org.springframework.security.web.FilterChainProxy$VirtualFilterChain.doFilter(FilterChainProxy.java:346)
	at org.springframework.security.web.context.SecurityContextPersistenceFilter.doFilter(SecurityContextPersistenceFilter.java:112)
	at org.springframework.security.web.context.SecurityContextPersistenceFilter.doFilter(SecurityContextPersistenceFilter.java:82)
	at org.springframework.security.web.FilterChainProxy$VirtualFilterChain.doFilter(FilterChainProxy.java:346)
	at org.springframework.security.web.context.request.async.WebAsyncManagerIntegrationFilter.doFilterInternal(WebAsyncManagerIntegrationFilter.java:55)
	at org.springframework.web.filter.OncePerRequestFilter.doFilter(OncePerRequestFilter.java:117)
	at org.springframework.security.web.FilterChainProxy$VirtualFilterChain.doFilter(FilterChainProxy.java:346)
	at org.springframework.security.web.session.DisableEncodeUrlFilter.doFilterInternal(DisableEncodeUrlFilter.java:42)
	at org.springframework.web.filter.OncePerRequestFilter.doFilter(OncePerRequestFilter.java:117)
	at org.springframework.security.web.FilterChainProxy$VirtualFilterChain.doFilter(FilterChainProxy.java:346)
	at org.springframework.security.web.FilterChainProxy.doFilterInternal(FilterChainProxy.java:221)
	at org.springframework.security.web.FilterChainProxy.doFilter(FilterChainProxy.java:186)
	at org.springframework.web.filter.DelegatingFilterProxy.invokeDelegate(DelegatingFilterProxy.java:354)
	at org.springframework.web.filter.DelegatingFilterProxy.doFilter(DelegatingFilterProxy.java:267)
	at org.apache.catalina.core.ApplicationFilterChain.internalDoFilter(ApplicationFilterChain.java:178)
	at org.apache.catalina.core.ApplicationFilterChain.doFilter(ApplicationFilterChain.java:153)
	at org.springframework.web.filter.RequestContextFilter.doFilterInternal(RequestContextFilter.java:100)
	at org.springframework.web.filter.OncePerRequestFilter.doFilter(OncePerRequestFilter.java:117)
	at org.apache.catalina.core.ApplicationFilterChain.internalDoFilter(ApplicationFilterChain.java:178)
	at org.apache.catalina.core.ApplicationFilterChain.doFilter(ApplicationFilterChain.java:153)
	at org.springframework.web.filter.FormContentFilter.doFilterInternal(FormContentFilter.java:93)
	at org.springframework.web.filter.OncePerRequestFilter.doFilter(OncePerRequestFilter.java:117)
	at org.apache.catalina.core.ApplicationFilterChain.internalDoFilter(ApplicationFilterChain.java:178)
	at org.apache.catalina.core.ApplicationFilterChain.doFilter(ApplicationFilterChain.java:153)
	at org.springframework.web.filter.CharacterEncodingFilter.doFilterInternal(CharacterEncodingFilter.java:201)
	at org.springframework.web.filter.OncePerRequestFilter.doFilter(OncePerRequestFilter.java:117)
	at org.apache.catalina.core.ApplicationFilterChain.internalDoFilter(ApplicationFilterChain.java:178)
	at org.apache.catalina.core.ApplicationFilterChain.doFilter(ApplicationFilterChain.java:153)
	at org.apache.catalina.core.StandardWrapperValve.invoke(StandardWrapperValve.java:167)
	at org.apache.catalina.core.StandardContextValve.invoke(StandardContextValve.java:90)
	at org.apache.catalina.authenticator.AuthenticatorBase.invoke(AuthenticatorBase.java:492)
	at org.apache.catalina.core.StandardHostValve.invoke(StandardHostValve.java:130)
	at org.apache.catalina.valves.ErrorReportValve.invoke(ErrorReportValve.java:93)
	at org.apache.catalina.core.StandardEngineValve.invoke(StandardEngineValve.java:74)
	at org.apache.catalina.connector.CoyoteAdapter.service(CoyoteAdapter.java:343)
	at org.apache.coyote.http11.Http11Processor.service(Http11Processor.java:389)
	at org.apache.coyote.AbstractProcessorLight.process(AbstractProcessorLight.java:63)
	at org.apache.coyote.AbstractProtocol$ConnectionHandler.process(AbstractProtocol.java:926)
	at org.apache.tomcat.util.net.NioEndpoint$SocketProcessor.doRun(NioEndpoint.java:1791)
	at org.apache.tomcat.util.net.SocketProcessorBase.run(SocketProcessorBase.java:49)
	at org.apache.tomcat.util.threads.ThreadPoolExecutor.runWorker(ThreadPoolExecutor.java:1191)
	at org.apache.tomcat.util.threads.ThreadPoolExecutor$Worker.run(ThreadPoolExecutor.java:659)
	at org.apache.tomcat.util.threads.TaskThread$WrappingRunnable.run(TaskThread.java:61)
	at java.lang.Thread.run(Thread.java:748)
