05:32:00.872 [34m[main][0;39m INFO  com.console.EmployeeMenu - [34m1.Read data 
2.Display Employee Details
3.Search By Id
4.Search By Pincode of Permanent Address
5.Exit[0;39m 
05:32:11.584 [34m[main][0;39m INFO  com.console.EmployeeMenu - [34mOption 2 is selected[0;39m 
05:32:15.835 [34m[main][0;39m INFO  com.console.EmployeeMenu - [34m1.Read data 
2.Display Employee Details
3.Search By Id
4.Search By Pincode of Permanent Address
5.Exit[0;39m 
05:32:19.404 [34m[main][0;39m INFO  com.console.EmployeeMenu - [34mOption 3 is selected[0;39m 
05:32:27.249 [34m[main][0;39m INFO  com.console.EmployeeMenu - [34m1.Read data 
2.Display Employee Details
3.Search By Id
4.Search By Pincode of Permanent Address
5.Exit[0;39m 
06:14:29.069 [34m[main][0;39m INFO  com.console.EmployeeMenu - [34m1.Read data 
2.Display Employee Details
3.Search By Id
4.Search By Pincode of Permanent Address
5.Exit[0;39m 
06:14:35.881 [34m[main][0;39m INFO  com.console.EmployeeMenu - [34mOption 4 is selected[0;39m 
06:14:43.317 [34m[main][0;39m INFO  com.console.EmployeeMenu - [34m1.Read data 
2.Display Employee Details
3.Search By Id
4.Search By Pincode of Permanent Address
5.Exit[0;39m 
06:14:57.269 [34m[main][0;39m INFO  com.console.EmployeeMenu - [34mOption 2 is selected[0;39m 
06:15:01.497 [34m[main][0;39m INFO  com.console.EmployeeMenu - [34m1.Read data 
2.Display Employee Details
3.Search By Id
4.Search By Pincode of Permanent Address
5.Exit[0;39m 
06:16:43.288 [34m[main][0;39m INFO  com.console.EmployeeMenu - [34mOption 3 is selected[0;39m 
06:16:51.141 [34m[main][0;39m INFO  com.console.EmployeeMenu - [34m1.Read data 
2.Display Employee Details
3.Search By Id
4.Search By Pincode of Permanent Address
5.Exit[0;39m 
06:18:30.577 [34m[main][0;39m INFO  com.console.EmployeeMenu - [34m1.Read data 
2.Display Employee Details
3.Search By Id
4.Search By Pincode of Permanent Address
5.Exit[0;39m 
06:18:33.123 [34m[main][0;39m INFO  com.console.EmployeeMenu - [34mOption 3 is selected[0;39m 
06:18:41.620 [34m[main][0;39m INFO  com.console.EmployeeMenu - [34m1.Read data 
2.Display Employee Details
3.Search By Id
4.Search By Pincode of Permanent Address
5.Exit[0;39m 
